Hint: * Konvertiere Datei E:\vstdev\freepascalaudiolibrary\bsp\vstHost\PlayerForm.pas *
Hint: Unit "ShellAPI" im uses Abschnitt entfernt.
Hint: * Repariere Form-Datei E:\vstdev\freepascalaudiolibrary\bsp\vstHost\PlayerForm.lfm *
Hint: Eigenschaft "BevelOuter" entfernt.
Hint: Eigenschaft "BevelInner" entfernt.
Hint: Eigenschaft "ParentCtl3D" entfernt.
Hint: Eigenschaft "Ctl3D" entfernt.
Hint: Eigenschaft "BevelOuter" entfernt.
Hint: Eigenschaft "BevelInner" entfernt.
Hint: Eigenschaft "BevelOuter" entfernt.
Hint: Eigenschaft "BevelInner" entfernt.
Hint: Eigenschaft "AutoComplete" entfernt.
Hint: Eigenschaft "ParentCtl3D" entfernt.
Hint: Eigenschaft "Ctl3D" entfernt.
Hint: Eigenschaft "BevelOuter" entfernt.
Hint: Eigenschaft "BevelInner" entfernt.
Hint: Eigenschaft "BevelOuter" entfernt.
Hint: Eigenschaft "BevelInner" entfernt.
Hint: Eigenschaft "AutoComplete" entfernt.
Hint: Eigenschaft "LbMidiTempo" entfernt.
Hint: Eigenschaft "TextHeight" entfernt.
Hint: Eigenschaft "Scaled" entfernt.
Hint: Eigenschaft "OldCreateOrder" entfernt.
Hint: Eigenschaft "Ctl3D" entfernt.
Hint: * Berichtigung der verwendeten Units für Datei E:\vstdev\freepascalaudiolibrary\bsp\vstHost\PlayerForm.pas *
Hint: Conversion Ready.
